zy_trickstar_s,,,2a0c:b641:69c:0b49::/64
zy_Illya,,,2a0c:b641:69c:c36b::/64
zy_sternstorm_s,,,2a0c:b641:69c:b724::/64
sao_ali,,,2a0c:b641:69c:65a7::/64
zy_quasar,,,2a0c:b641:69c:65f9::/64
zy_ruler_s,,,2a0c:b641:69c:036b::/64
zy_mira_s,,,2a0c:b641:69c:beb7::/64
nick_lax,,,2a0c:b641:69c:900a::/64
thunder,,,2a0c:b641:69c:6b10::/64
nick_nrt,,,2a0c:b641:69c:786a::/64
lily_local,,,2a0c:b641:69c:e9b8::/64
parity_e,,,2a0c:b641:69c:9425::/64
zy_iris,,,2a0c:b641:69c:d07c::/64
zy_sternstorm,,,2a0c:b641:69c:9f6a::/64
zy_blazar,,,2a0c:b641:69c:f4b7::/64
dpc_e,,,2a0c:b641:69c:99df::/64
nick_ham,,,2a0c:b641:69c:5fc2::/64
zy_ruler,,,2a0c:b641:69c:048a::/64
zy_quasar_s,,,2a0c:b641:69c:aa16::/64
zy_sena,,,2a0c:b641:69c:ddde::/64
zy_asteroid,,,2a0c:b641:69c:c302::/64
zy_sena_s,,,2a0c:b641:69c:a03d::/64
zy_blazar_s,,,2a0c:b641:69c:5dfa::/64
zy_flare,,,2a0c:b641:69c:5dac::/64
jg_sg,,,2a0c:b641:69c:ce77::/64
zy_Illya_s,,,2a0c:b641:69c:1bc9::/64
zy_novae,,,2a0c:b641:69c:bcbc::/64
zy_novae_s,,,2a0c:b641:69c:061b::/64
zy_flare_s,,,2a0c:b641:69c:c126::/64
parity,,,2a0c:b641:69c:e789::/64
psi,,,2a0c:b641:69c:6ca0::/64
zen_yui,,,2a0c:b641:69c:7d8b::/64
jg_sg_e,,,2a0c:b641:69c:9d4e::/64
zy_mira,,,2a0c:b641:69c:c97f::/64
psi_e,,,2a0c:b641:69c:b7df::/64
dpc,,,2a0c:b641:69c:b4c8::/64
emil,,,2a0c:b641:69c:e7fa::/64
lizr_local,,,2a0c:b641:69c:9100::/64
zy_trickstar,,,2a0c:b641:69c:2f81::/64
nick_local,,,2a0c:b641:69c:99cc::/64
zy_iris_s,,,2a0c:b641:69c:d545::/64
sao_bpan,,,2a0c:b641:69c:989c::/64
acrylic,,,2001:470:4c22:ae86:babe:ac10::/92
airbob,,,2001:470:4c22:ae86:babe:310::/92
ame,,,2001:470:4c22:ae86:babe:f3f0::/92
anchor,,,2001:470:4c22:ae86:babe:77a0::/92
aoikaze,,,2001:470:4c22:ae86:babe:ffd0::/92
aqua,,,2001:470:4c22:ae86:babe:ffc0::/92
arashi,,,2001:470:4c22:ae86:babe:7790::/92
ayame,,,2001:470:4c22:ae86:babe:e210::/92
berrion,,,2001:470:4c22:ae86:babe:8810::/92
borsig,,,2001:470:4c22:ae86:babe:a0::/92
chaffee,,,2001:470:4c22:ae86:babe:c0::/92
clairvoyant,,,2001:470:4c22:ae86:babe:7750::/92
dpc,,,2001:470:4c22:ae86:babe:40::/92
elefant,,,2001:470:4c22:ae86:babe:e0::/92
emil,,,2001:470:4c22:ae86:babe:70::/92
germanium,,,2001:470:4c22:ae86:babe:90::/92
hanabi,,,2001:470:4c22:ae86:babe:f0f0::/92
ice,,,2001:470:4c22:ae86:babe:77b0::/92
illya,,,2001:470:4c22:ae86:babe:77f0::/92
Ionia,,,2001:470:4c22:ae86:babe:7710::/92
jojo,,,2001:470:4c22:ae86:babe:1bc0::/92
kage,,,2001:470:4c22:ae86:babe:f2f0::/92
Kalmann,,,2001:470:4c22:ae86:babe:abc0::/92
kotori,,,2001:470:4c22:ae86:babe:ffe0::/92
kratos,,,2001:470:4c22:ae86:babe:1b0::/92
lmVultr,,,2001:470:4c22:ae86:babe:3330::/92
Macon,,,2001:470:4c22:ae86:babe:3270::/92
mammoth,,,2001:470:4c22:ae86:babe:d0::/92
mira,,,2001:470:4c22:ae86:babe:77d0::/92
Miyu,,,2001:470:4c22:ae86:babe:77c0::/92
muon,,,2001:470:4c22:ae86:babe:20::/92
nashorn,,,2001:470:4c22:ae86:babe::/92
NUCon,,,2001:470:4c22:ae86:babe:1230::/92
Olympia,,,2001:470:4c22:ae86:babe:120::/92
pallas,,,2001:470:4c22:ae86:babe:140::/92
parity,,,2001:470:4c22:ae86:babe:1c0::/92
peridot,,,2001:470:4c22:ae86:babe:7720::/92
pion,,,2001:470:4c22:ae86:babe:160::/92
proton,,,2001:470:4c22:ae86:babe:10::/92
psi,,,2001:470:4c22:ae86:babe:170::/92
qastro,,,2001:470:4c22:ae86:babe:1a0::/92
quark,,,2001:470:4c22:ae86:babe:ef00::/92
rabbit,,,2001:470:4c22:ae86:babe:f0::/92
reesejp,,,2001:470:4c22:ae86:babe:bee0::/92
robot,,,2001:470:4c22:ae86:babe:150::/92
rovm,,,2001:470:4c22:ae86:babe:b0::/92
Ruby,,,2001:470:4c22:ae86:babe:7770::/92
Ruler,,,2001:470:4c22:ae86:babe:7730::/92
sachi,,,2001:470:4c22:ae86:babe:e200::/92
Sapphire,,,2001:470:4c22:ae86:babe:7700::/92
sboard,,,2001:470:4c22:ae86:babe:7810::/92
Scarlett,,,2001:470:4c22:ae86:babe:50::/92
seaborgium,,,2001:470:4c22:ae86:babe:2330::/92
Sejuani,,,2001:470:4c22:ae86:babe:7740::/92
silicon,,,2001:470:4c22:ae86:babe:190::/92
sofia,,,2001:470:4c22:ae86:babe:110::/92
spectrum,,,2001:470:4c22:ae86:babe:7760::/92
stardust,,,2001:470:4c22:ae86:babe:1d0::/92
taki,,,2001:470:4c22:ae86:babe:f1f0::/92
Thinkon,,,2001:470:4c22:ae86:babe:1ab0::/92
tiger,,,2001:470:4c22:ae86:babe:80::/92
toutatis,,,2001:470:4c22:ae86:babe:100::/92
trickstar,,,2001:470:4c22:ae86:babe:7780::/92
tripodx,,,2001:470:4c22:ae86:babe:cc80::/92
vesta,,,2001:470:4c22:ae86:babe:130::/92
wolf,,,2001:470:4c22:ae86:babe:220::/92
x2,,,2001:470:4c22:ae86:babe:60::/92
xenon,,,2001:470:4c22:ae86:babe:30::/92
yui,,,2001:470:4c22:ae86:babe:1510::/92
zen,,,2001:470:4c22:ae86:babe:4100::/92
